/Users/akira/local/gtest/gtest-1.5.0/include/gtest/gtest.h(1730): warning: support for trigraphs is disabled

/Users/akira/local/gtest/gtest-1.5.0/include/gtest/gtest.h(1730): warning: support for trigraphs is disabled

/Users/akira/local/gtest/gtest-1.5.0/include/gtest/gtest.h(1730): warning: support for trigraphs is disabled

/Users/akira/local/gtest/gtest-1.5.0/include/gtest/gtest.h(1730): warning: support for trigraphs is disabled

In file included from /tmp/tmpxft_00000a2e_00000000-4_relaxing.cudafe1.stub.c:2:
/tmp/tmpxft_00000a2e_00000000-4_relaxing.cudafe1.stub.c:3: error: ‘unnamed’ was not declared in this scope
/tmp/tmpxft_00000a2e_00000000-4_relaxing.cudafe1.stub.c:3: error: wrong number of template arguments (1, should be 4)
/Users/akira/local/thrust/thrust/detail/device/dereference.h:51: error: provided for ‘template<class UnaryFunc, class Iterator, class Reference, class Value> class thrust::transform_iterator’
/tmp/tmpxft_00000a2e_00000000-4_relaxing.cudafe1.stub.c:3: error: template argument 1 is invalid
/tmp/tmpxft_00000a2e_00000000-4_relaxing.cudafe1.stub.c:3: error: expected unqualified-id before ‘,’ token
/tmp/tmpxft_00000a2e_00000000-4_relaxing.cudafe1.stub.c:3: error: expected unqualified-id before ‘int’
/tmp/tmpxft_00000a2e_00000000-4_relaxing.cudafe1.stub.c:4: error: ‘_ZN6thrust6detail6device4cuda6detail21reduce_n_smem_closureINS_18transform_iteratorIN7bphcuda68_GLOBAL__N__44_tmpxft_00000a2e_00000000_17_relaxing_cpp1_ii_bcdc1b2c9kinetic_eENS_12zip_iteratorINS_5tupleINS0_15normal_iteratorINS_10device_ptrIfEEEESE_SE_NS_17constant_iteratorIfNS_11use_defaultESG_EENS_9null_typeESI_SI_SI_SI_SI_EEEEfSG_EEifNS_4plusIfEEEE’ does not name a type
/tmp/tmpxft_00000a2e_00000000-4_relaxing.cudafe1.stub.c:5: error: ‘unnamed’ was not declared in this scope
/tmp/tmpxft_00000a2e_00000000-4_relaxing.cudafe1.stub.c:5: error: wrong number of template arguments (1, should be 4)
/Users/akira/local/thrust/thrust/detail/device/dereference.h:51: error: provided for ‘template<class UnaryFunc, class Iterator, class Reference, class Value> class thrust::transform_iterator’
/tmp/tmpxft_00000a2e_00000000-4_relaxing.cudafe1.stub.c:5: error: template argument 1 is invalid
/tmp/tmpxft_00000a2e_00000000-4_relaxing.cudafe1.stub.c:5: error: expected unqualified-id before ‘,’ token
/tmp/tmpxft_00000a2e_00000000-4_relaxing.cudafe1.stub.c:5: error: expected unqualified-id before ‘int’
/tmp/tmpxft_00000a2e_00000000-4_relaxing.cudafe1.stub.c:6: error: ‘_ZN6thrust6detail6device4cuda6detail21reduce_n_gmem_closureINS_18transform_iteratorIN7bphcuda68_GLOBAL__N__44_tmpxft_00000a2e_00000000_17_relaxing_cpp1_ii_bcdc1b2c9kinetic_eENS_12zip_iteratorINS_5tupleINS0_15normal_iteratorINS_10device_ptrIfEEEESE_SE_NS_17constant_iteratorIfNS_11use_defaultESG_EENS_9null_typeESI_SI_SI_SI_SI_EEEEfSG_EEifNS_4plusIfEEEE’ does not name a type
/tmp/tmpxft_00000a2e_00000000-4_relaxing.cudafe1.stub.c:13: error: variable or field ‘__device_stub__ZN6thrust6detail6device4cuda6detail23launch_closure_by_valueINS3_21reduce_n_smem_closureINS_18transform_iteratorIN7bphcuda68_GLOBAL__N__44_tmpxft_00000a2e_00000000_17_relaxing_cpp1_ii_bcdc1b2c9kinetic_eENS_12zip_iteratorINS_5tupleINS0_15normal_iteratorINS_10device_ptrIfEEEESF_SF_NS_17constant_iteratorIfNS_11use_defaultESH_EENS_9null_typeESJ_SJ_SJ_SJ_SJ_EEEEfSH_EEifNS_4plusIfEEEEEEvT_’ declared void
/tmp/tmpxft_00000a2e_00000000-4_relaxing.cudafe1.stub.c:13: error: ‘_ZN6thrust6detail6device4cuda6detail21reduce_n_smem_closureINS_18transform_iteratorIN7bphcuda68_GLOBAL__N__44_tmpxft_00000a2e_00000000_17_relaxing_cpp1_ii_bcdc1b2c9kinetic_eENS_12zip_iteratorINS_5tupleINS0_15normal_iteratorINS_10device_ptrIfEEEESE_SE_NS_17constant_iteratorIfNS_11use_defaultESG_EENS_9null_typeESI_SI_SI_SI_SI_EEEEfSG_EEifNS_4plusIfEEEE’ was not declared in this scope
/tmp/tmpxft_00000a2e_00000000-4_relaxing.cudafe1.stub.c:13: error: expected primary-expression before ‘)’ token
/tmp/tmpxft_00000a2e_00000000-4_relaxing.cudafe1.stub.c:14: error: variable or field ‘__device_stub__ZN6thrust6detail6device4cuda6detail23launch_closure_by_valueINS3_21reduce_n_gmem_closureINS_18transform_iteratorIN7bphcuda68_GLOBAL__N__44_tmpxft_00000a2e_00000000_17_relaxing_cpp1_ii_bcdc1b2c9kinetic_eENS_12zip_iteratorINS_5tupleINS0_15normal_iteratorINS_10device_ptrIfEEEESF_SF_NS_17constant_iteratorIfNS_11use_defaultESH_EENS_9null_typeESJ_SJ_SJ_SJ_SJ_EEEEfSH_EEifNS_4plusIfEEEEEEvT_’ declared void
/tmp/tmpxft_00000a2e_00000000-4_relaxing.cudafe1.stub.c:14: error: ‘_ZN6thrust6detail6device4cuda6detail21reduce_n_gmem_closureINS_18transform_iteratorIN7bphcuda68_GLOBAL__N__44_tmpxft_00000a2e_00000000_17_relaxing_cpp1_ii_bcdc1b2c9kinetic_eENS_12zip_iteratorINS_5tupleINS0_15normal_iteratorINS_10device_ptrIfEEEESE_SE_NS_17constant_iteratorIfNS_11use_defaultESG_EENS_9null_typeESI_SI_SI_SI_SI_EEEEfSG_EEifNS_4plusIfEEEE’ was not declared in this scope
/tmp/tmpxft_00000a2e_00000000-4_relaxing.cudafe1.stub.c:14: error: expected primary-expression before ‘)’ token
/tmp/tmpxft_00000a2e_00000000-4_relaxing.cudafe1.stub.c:19: error: variable or field ‘__device_stub__ZN6thrust6detail6device4cuda6detail23launch_closure_by_valueINS3_21reduce_n_smem_closureINS_18transform_iteratorIN7bphcuda68_GLOBAL__N__44_tmpxft_00000a2e_00000000_17_relaxing_cpp1_ii_bcdc1b2c9kinetic_eENS_12zip_iteratorINS_5tupleINS0_15normal_iteratorINS_10device_ptrIfEEEESF_SF_NS_17constant_iteratorIfNS_11use_defaultESH_EENS_9null_typeESJ_SJ_SJ_SJ_SJ_EEEEfSH_EEifNS_4plusIfEEEEEEvT_’ declared void
/tmp/tmpxft_00000a2e_00000000-4_relaxing.cudafe1.stub.c:19: error: ‘_ZN6thrust6detail6device4cuda6detail21reduce_n_smem_closureINS_18transform_iteratorIN7bphcuda68_GLOBAL__N__44_tmpxft_00000a2e_00000000_17_relaxing_cpp1_ii_bcdc1b2c9kinetic_eENS_12zip_iteratorINS_5tupleINS0_15normal_iteratorINS_10device_ptrIfEEEESE_SE_NS_17constant_iteratorIfNS_11use_defaultESG_EENS_9null_typeESI_SI_SI_SI_SI_EEEEfSG_EEifNS_4plusIfEEEE’ was not declared in this scope
/tmp/tmpxft_00000a2e_00000000-4_relaxing.cudafe1.stub.c:19: error: ‘__par0’ was not declared in this scope
